-------------------------------------------------------------------------------
Test set: com.gaogao.houduan.DoctorTests
-------------------------------------------------------------------------------
Tests run: 2, Failures: 0, Errors: 2, Skipped: 0, Time elapsed: 7.524 s <<< FAILURE! - in com.gaogao.houduan.DoctorTests
loginTest  Time elapsed: 2.144 s  <<< ERROR!
org.mybatis.spring.MyBatisSystemException: 
nested exception is org.apache.ibatis.exceptions.PersistenceException: 
### Error querying database.  Cause: org.springframework.jdbc.CannotGetJdbcConnectionException: Failed to obtain JDBC Connection; nested exception is java.sql.SQLSyntaxErrorException: Unknown database 'shangda_hospital'
### The error may exist in com/gaogao/houduan/mapper/DoctorMapper.java (best guess)
### The error may involve com.gaogao.houduan.mapper.DoctorMapper.selectOne
### The error occurred while executing a query
### Cause: org.springframework.jdbc.CannotGetJdbcConnectionException: Failed to obtain JDBC Connection; nested exception is java.sql.SQLSyntaxErrorException: Unknown database 'shangda_hospital'
	at com.gaogao.houduan.DoctorTests.loginTest(DoctorTests.java:34)
Caused by: org.apache.ibatis.exceptions.PersistenceException: 

### Error querying database.  Cause: org.springframework.jdbc.CannotGetJdbcConnectionException: Failed to obtain JDBC Connection; nested exception is java.sql.SQLSyntaxErrorException: Unknown database 'shangda_hospital'
### The error may exist in com/gaogao/houduan/mapper/DoctorMapper.java (best guess)
### The error may involve com.gaogao.houduan.mapper.DoctorMapper.selectOne
### The error occurred while executing a query
### Cause: org.springframework.jdbc.CannotGetJdbcConnectionException: Failed to obtain JDBC Connection; nested exception is java.sql.SQLSyntaxErrorException: Unknown database 'shangda_hospital'
	at com.gaogao.houduan.DoctorTests.loginTest(DoctorTests.java:34)
Caused by: org.springframework.jdbc.CannotGetJdbcConnectionException: Failed to obtain JDBC Connection; nested exception is java.sql.SQLSyntaxErrorException: Unknown database 'shangda_hospital'
	at com.gaogao.houduan.DoctorTests.loginTest(DoctorTests.java:34)
Caused by: java.sql.SQLSyntaxErrorException: Unknown database 'shangda_hospital'
	at com.gaogao.houduan.DoctorTests.loginTest(DoctorTests.java:34)

loadAllTest  Time elapsed: 1.216 s  <<< ERROR!
org.mybatis.spring.MyBatisSystemException: 
nested exception is org.apache.ibatis.exceptions.PersistenceException: 
### Error querying database.  Cause: org.springframework.jdbc.CannotGetJdbcConnectionException: Failed to obtain JDBC Connection; nested exception is java.sql.SQLSyntaxErrorException: Unknown database 'shangda_hospital'
### The error may exist in com/gaogao/houduan/mapper/DoctorMapper.java (best guess)
### The error may involve com.gaogao.houduan.mapper.DoctorMapper.selectPage_mpCount
### The error occurred while executing a query
### Cause: org.springframework.jdbc.CannotGetJdbcConnectionException: Failed to obtain JDBC Connection; nested exception is java.sql.SQLSyntaxErrorException: Unknown database 'shangda_hospital'
	at com.gaogao.houduan.DoctorTests.loadAllTest(DoctorTests.java:44)
Caused by: org.apache.ibatis.exceptions.PersistenceException: 

### Error querying database.  Cause: org.springframework.jdbc.CannotGetJdbcConnectionException: Failed to obtain JDBC Connection; nested exception is java.sql.SQLSyntaxErrorException: Unknown database 'shangda_hospital'
### The error may exist in com/gaogao/houduan/mapper/DoctorMapper.java (best guess)
### The error may involve com.gaogao.houduan.mapper.DoctorMapper.selectPage_mpCount
### The error occurred while executing a query
### Cause: org.springframework.jdbc.CannotGetJdbcConnectionException: Failed to obtain JDBC Connection; nested exception is java.sql.SQLSyntaxErrorException: Unknown database 'shangda_hospital'
	at com.gaogao.houduan.DoctorTests.loadAllTest(DoctorTests.java:44)
Caused by: org.springframework.jdbc.CannotGetJdbcConnectionException: Failed to obtain JDBC Connection; nested exception is java.sql.SQLSyntaxErrorException: Unknown database 'shangda_hospital'
	at com.gaogao.houduan.DoctorTests.loadAllTest(DoctorTests.java:44)
Caused by: java.sql.SQLSyntaxErrorException: Unknown database 'shangda_hospital'
	at com.gaogao.houduan.DoctorTests.loadAllTest(DoctorTests.java:44)

